
The following have been reloaded with a version change:
  1) compiler/gnu/11.1 => compiler/gnu/12.1


Currently Loaded Modules:
  1) devel/python/3.10.0_gnu_11.1   2) compiler/gnu/12.1   3) mpi/openmpi/4.1

 

[uc2n005.localdomain:180954] MCW rank 0 bound to socket 0[core 0[hwt 0-1]]: [BB/../../../../../../../../../../../../../../../../../../..][../../../../../../../../../../../../../../../../../../../..]
[uc2n005.localdomain:180954] MCW rank 1 bound to socket 0[core 1[hwt 0-1]]: [../BB/../../../../../../../../../../../../../../../../../..][../../../../../../../../../../../../../../../../../../../..]
[uc2n005.localdomain:180954] MCW rank 2 bound to socket 0[core 2[hwt 0-1]]: [../../BB/../../../../../../../../../../../../../../../../..][../../../../../../../../../../../../../../../../../../../..]
[uc2n005.localdomain:180954] MCW rank 3 bound to socket 0[core 3[hwt 0-1]]: [../../../BB/../../../../../../../../../../../../../../../..][../../../../../../../../../../../../../../../../../../../..]
[uc2n008.localdomain:2995377] MCW rank 14 bound to socket 0[core 2[hwt 0-1]]: [../../BB/../../../../../../../../../../../../../../../../..][../../../../../../../../../../../../../../../../../../../..]
[uc2n008.localdomain:2995377] MCW rank 15 bound to socket 0[core 3[hwt 0-1]]: [../../../BB/../../../../../../../../../../../../../../../..][../../../../../../../../../../../../../../../../../../../..]
[uc2n008.localdomain:2995377] MCW rank 12 bound to socket 0[core 0[hwt 0-1]]: [BB/../../../../../../../../../../../../../../../../../../..][../../../../../../../../../../../../../../../../../../../..]
[uc2n008.localdomain:2995377] MCW rank 13 bound to socket 0[core 1[hwt 0-1]]: [../BB/../../../../../../../../../../../../../../../../../..][../../../../../../../../../../../../../../../../../../../..]
[uc2n006.localdomain:2257862] MCW rank 4 bound to socket 0[core 0[hwt 0-1]]: [BB/../../../../../../../../../../../../../../../../../../..][../../../../../../../../../../../../../../../../../../../..]
[uc2n006.localdomain:2257862] MCW rank 5 bound to socket 0[core 1[hwt 0-1]]: [../BB/../../../../../../../../../../../../../../../../../..][../../../../../../../../../../../../../../../../../../../..]
[uc2n006.localdomain:2257862] MCW rank 6 bound to socket 0[core 2[hwt 0-1]]: [../../BB/../../../../../../../../../../../../../../../../..][../../../../../../../../../../../../../../../../../../../..]
[uc2n006.localdomain:2257862] MCW rank 7 bound to socket 0[core 3[hwt 0-1]]: [../../../BB/../../../../../../../../../../../../../../../..][../../../../../../../../../../../../../../../../../../../..]
[uc2n007.localdomain:3777429] MCW rank 10 bound to socket 0[core 2[hwt 0-1]]: [../../BB/../../../../../../../../../../../../../../../../..][../../../../../../../../../../../../../../../../../../../..]
[uc2n007.localdomain:3777429] MCW rank 11 bound to socket 0[core 3[hwt 0-1]]: [../../../BB/../../../../../../../../../../../../../../../..][../../../../../../../../../../../../../../../../../../../..]
[uc2n007.localdomain:3777429] MCW rank 8 bound to socket 0[core 0[hwt 0-1]]: [BB/../../../../../../../../../../../../../../../../../../..][../../../../../../../../../../../../../../../../../../../..]
[uc2n007.localdomain:3777429] MCW rank 9 bound to socket 0[core 1[hwt 0-1]]: [../BB/../../../../../../../../../../../../../../../../../..][../../../../../../../../../../../../../../../../../../../..]
/pfs/data5/home/fr/fr_fr/fr_km280/repos/pylbm/milestones/m7/./m7.py:214: DeprecationWarning: np.asscalar(a) is deprecated since NumPy v1.16, use a.item() instead
  arr_dict_str = str({"descr": dtype_to_descr(g_kl.dtype), "fortran_order": False, "shape": (np.asscalar(nx), np.asscalar(ny))})
/pfs/data5/home/fr/fr_fr/fr_km280/repos/pylbm/milestones/m7/./m7.py:214: DeprecationWarning: np.asscalar(a) is deprecated since NumPy v1.16, use a.item() instead
  arr_dict_str = str({"descr": dtype_to_descr(g_kl.dtype), "fortran_order": False, "shape": (np.asscalar(nx), np.asscalar(ny))})
/pfs/data5/home/fr/fr_fr/fr_km280/repos/pylbm/milestones/m7/./m7.py:214: DeprecationWarning: np.asscalar(a) is deprecated since NumPy v1.16, use a.item() instead
  arr_dict_str = str({"descr": dtype_to_descr(g_kl.dtype), "fortran_order": False, "shape": (np.asscalar(nx), np.asscalar(ny))})
/pfs/data5/home/fr/fr_fr/fr_km280/repos/pylbm/milestones/m7/./m7.py:214: DeprecationWarning: np.asscalar(a) is deprecated since NumPy v1.16, use a.item() instead
  arr_dict_str = str({"descr": dtype_to_descr(g_kl.dtype), "fortran_order": False, "shape": (np.asscalar(nx), np.asscalar(ny))})
/pfs/data5/home/fr/fr_fr/fr_km280/repos/pylbm/milestones/m7/./m7.py:214: DeprecationWarning: np.asscalar(a) is deprecated since NumPy v1.16, use a.item() instead
  arr_dict_str = str({"descr": dtype_to_descr(g_kl.dtype), "fortran_order": False, "shape": (np.asscalar(nx), np.asscalar(ny))})
/pfs/data5/home/fr/fr_fr/fr_km280/repos/pylbm/milestones/m7/./m7.py:214: DeprecationWarning: np.asscalar(a) is deprecated since NumPy v1.16, use a.item() instead
  arr_dict_str = str({"descr": dtype_to_descr(g_kl.dtype), "fortran_order": False, "shape": (np.asscalar(nx), np.asscalar(ny))})
/pfs/data5/home/fr/fr_fr/fr_km280/repos/pylbm/milestones/m7/./m7.py:214: DeprecationWarning: np.asscalar(a) is deprecated since NumPy v1.16, use a.item() instead
  arr_dict_str = str({"descr": dtype_to_descr(g_kl.dtype), "fortran_order": False, "shape": (np.asscalar(nx), np.asscalar(ny))})
/pfs/data5/home/fr/fr_fr/fr_km280/repos/pylbm/milestones/m7/./m7.py:214: DeprecationWarning: np.asscalar(a) is deprecated since NumPy v1.16, use a.item() instead
  arr_dict_str = str({"descr": dtype_to_descr(g_kl.dtype), "fortran_order": False, "shape": (np.asscalar(nx), np.asscalar(ny))})
/pfs/data5/home/fr/fr_fr/fr_km280/repos/pylbm/milestones/m7/./m7.py:214: DeprecationWarning: np.asscalar(a) is deprecated since NumPy v1.16, use a.item() instead
  arr_dict_str = str({"descr": dtype_to_descr(g_kl.dtype), "fortran_order": False, "shape": (np.asscalar(nx), np.asscalar(ny))})
/pfs/data5/home/fr/fr_fr/fr_km280/repos/pylbm/milestones/m7/./m7.py:214: DeprecationWarning: np.asscalar(a) is deprecated since NumPy v1.16, use a.item() instead
  arr_dict_str = str({"descr": dtype_to_descr(g_kl.dtype), "fortran_order": False, "shape": (np.asscalar(nx), np.asscalar(ny))})
/pfs/data5/home/fr/fr_fr/fr_km280/repos/pylbm/milestones/m7/./m7.py:214: DeprecationWarning: np.asscalar(a) is deprecated since NumPy v1.16, use a.item() instead
  arr_dict_str = str({"descr": dtype_to_descr(g_kl.dtype), "fortran_order": False, "shape": (np.asscalar(nx), np.asscalar(ny))})
/pfs/data5/home/fr/fr_fr/fr_km280/repos/pylbm/milestones/m7/./m7.py:214: DeprecationWarning: np.asscalar(a) is deprecated since NumPy v1.16, use a.item() instead
  arr_dict_str = str({"descr": dtype_to_descr(g_kl.dtype), "fortran_order": False, "shape": (np.asscalar(nx), np.asscalar(ny))})
/pfs/data5/home/fr/fr_fr/fr_km280/repos/pylbm/milestones/m7/./m7.py:214: DeprecationWarning: np.asscalar(a) is deprecated since NumPy v1.16, use a.item() instead
  arr_dict_str = str({"descr": dtype_to_descr(g_kl.dtype), "fortran_order": False, "shape": (np.asscalar(nx), np.asscalar(ny))})
/pfs/data5/home/fr/fr_fr/fr_km280/repos/pylbm/milestones/m7/./m7.py:214: DeprecationWarning: np.asscalar(a) is deprecated since NumPy v1.16, use a.item() instead
  arr_dict_str = str({"descr": dtype_to_descr(g_kl.dtype), "fortran_order": False, "shape": (np.asscalar(nx), np.asscalar(ny))})
/pfs/data5/home/fr/fr_fr/fr_km280/repos/pylbm/milestones/m7/./m7.py:214: DeprecationWarning: np.asscalar(a) is deprecated since NumPy v1.16, use a.item() instead
  arr_dict_str = str({"descr": dtype_to_descr(g_kl.dtype), "fortran_order": False, "shape": (np.asscalar(nx), np.asscalar(ny))})
/pfs/data5/home/fr/fr_fr/fr_km280/repos/pylbm/milestones/m7/./m7.py:214: DeprecationWarning: np.asscalar(a) is deprecated since NumPy v1.16, use a.item() instead
  arr_dict_str = str({"descr": dtype_to_descr(g_kl.dtype), "fortran_order": False, "shape": (np.asscalar(nx), np.asscalar(ny))})
