
The following have been reloaded with a version change:
  1) compiler/gnu/11.1 => compiler/gnu/12.1


Currently Loaded Modules:
  1) devel/python/3.10.0_gnu_11.1   2) compiler/gnu/12.1   3) mpi/openmpi/4.1

 

[uc2n005.localdomain:209857] MCW rank 3 bound to socket 0[core 3[hwt 0-1]]: [../../../BB/../../../../../../../../../../../../../../../..][../../../../../../../../../../../../../../../../../../../..]
[uc2n005.localdomain:209857] MCW rank 4 bound to socket 0[core 4[hwt 0-1]]: [../../../../BB/../../../../../../../../../../../../../../..][../../../../../../../../../../../../../../../../../../../..]
[uc2n005.localdomain:209857] MCW rank 5 bound to socket 0[core 5[hwt 0-1]]: [../../../../../BB/../../../../../../../../../../../../../..][../../../../../../../../../../../../../../../../../../../..]
[uc2n005.localdomain:209857] MCW rank 6 bound to socket 0[core 6[hwt 0-1]]: [../../../../../../BB/../../../../../../../../../../../../..][../../../../../../../../../../../../../../../../../../../..]
[uc2n005.localdomain:209857] MCW rank 7 bound to socket 0[core 7[hwt 0-1]]: [../../../../../../../BB/../../../../../../../../../../../..][../../../../../../../../../../../../../../../../../../../..]
[uc2n005.localdomain:209857] MCW rank 8 bound to socket 0[core 8[hwt 0-1]]: [../../../../../../../../BB/../../../../../../../../../../..][../../../../../../../../../../../../../../../../../../../..]
[uc2n005.localdomain:209857] MCW rank 9 bound to socket 0[core 9[hwt 0-1]]: [../../../../../../../../../BB/../../../../../../../../../..][../../../../../../../../../../../../../../../../../../../..]
[uc2n005.localdomain:209857] MCW rank 10 bound to socket 0[core 10[hwt 0-1]]: [../../../../../../../../../../BB/../../../../../../../../..][../../../../../../../../../../../../../../../../../../../..]
[uc2n005.localdomain:209857] MCW rank 11 bound to socket 0[core 11[hwt 0-1]]: [../../../../../../../../../../../BB/../../../../../../../..][../../../../../../../../../../../../../../../../../../../..]
[uc2n005.localdomain:209857] MCW rank 12 bound to socket 0[core 12[hwt 0-1]]: [../../../../../../../../../../../../BB/../../../../../../..][../../../../../../../../../../../../../../../../../../../..]
[uc2n005.localdomain:209857] MCW rank 13 bound to socket 0[core 13[hwt 0-1]]: [../../../../../../../../../../../../../BB/../../../../../..][../../../../../../../../../../../../../../../../../../../..]
[uc2n005.localdomain:209857] MCW rank 14 bound to socket 0[core 14[hwt 0-1]]: [../../../../../../../../../../../../../../BB/../../../../..][../../../../../../../../../../../../../../../../../../../..]
[uc2n005.localdomain:209857] MCW rank 15 bound to socket 0[core 15[hwt 0-1]]: [../../../../../../../../../../../../../../../BB/../../../..][../../../../../../../../../../../../../../../../../../../..]
[uc2n005.localdomain:209857] MCW rank 16 bound to socket 0[core 16[hwt 0-1]]: [../../../../../../../../../../../../../../../../BB/../../..][../../../../../../../../../../../../../../../../../../../..]
[uc2n005.localdomain:209857] MCW rank 17 bound to socket 0[core 17[hwt 0-1]]: [../../../../../../../../../../../../../../../../../BB/../..][../../../../../../../../../../../../../../../../../../../..]
[uc2n005.localdomain:209857] MCW rank 0 bound to socket 0[core 0[hwt 0-1]]: [BB/../../../../../../../../../../../../../../../../../../..][../../../../../../../../../../../../../../../../../../../..]
[uc2n005.localdomain:209857] MCW rank 1 bound to socket 0[core 1[hwt 0-1]]: [../BB/../../../../../../../../../../../../../../../../../..][../../../../../../../../../../../../../../../../../../../..]
[uc2n005.localdomain:209857] MCW rank 2 bound to socket 0[core 2[hwt 0-1]]: [../../BB/../../../../../../../../../../../../../../../../..][../../../../../../../../../../../../../../../../../../../..]
[uc2n006.localdomain:2285468] MCW rank 28 bound to socket 0[core 10[hwt 0-1]]: [../../../../../../../../../../BB/../../../../../../../../..][../../../../../../../../../../../../../../../../../../../..]
[uc2n006.localdomain:2285468] MCW rank 29 bound to socket 0[core 11[hwt 0-1]]: [../../../../../../../../../../../BB/../../../../../../../..][../../../../../../../../../../../../../../../../../../../..]
[uc2n006.localdomain:2285468] MCW rank 30 bound to socket 0[core 12[hwt 0-1]]: [../../../../../../../../../../../../BB/../../../../../../..][../../../../../../../../../../../../../../../../../../../..]
[uc2n006.localdomain:2285468] MCW rank 31 bound to socket 0[core 13[hwt 0-1]]: [../../../../../../../../../../../../../BB/../../../../../..][../../../../../../../../../../../../../../../../../../../..]
[uc2n006.localdomain:2285468] MCW rank 32 bound to socket 0[core 14[hwt 0-1]]: [../../../../../../../../../../../../../../BB/../../../../..][../../../../../../../../../../../../../../../../../../../..]
[uc2n006.localdomain:2285468] MCW rank 33 bound to socket 0[core 15[hwt 0-1]]: [../../../../../../../../../../../../../../../BB/../../../..][../../../../../../../../../../../../../../../../../../../..]
[uc2n006.localdomain:2285468] MCW rank 34 bound to socket 0[core 16[hwt 0-1]]: [../../../../../../../../../../../../../../../../BB/../../..][../../../../../../../../../../../../../../../../../../../..]
[uc2n006.localdomain:2285468] MCW rank 35 bound to socket 0[core 17[hwt 0-1]]: [../../../../../../../../../../../../../../../../../BB/../..][../../../../../../../../../../../../../../../../../../../..]
[uc2n006.localdomain:2285468] MCW rank 18 bound to socket 0[core 0[hwt 0-1]]: [BB/../../../../../../../../../../../../../../../../../../..][../../../../../../../../../../../../../../../../../../../..]
[uc2n006.localdomain:2285468] MCW rank 19 bound to socket 0[core 1[hwt 0-1]]: [../BB/../../../../../../../../../../../../../../../../../..][../../../../../../../../../../../../../../../../../../../..]
[uc2n006.localdomain:2285468] MCW rank 20 bound to socket 0[core 2[hwt 0-1]]: [../../BB/../../../../../../../../../../../../../../../../..][../../../../../../../../../../../../../../../../../../../..]
[uc2n006.localdomain:2285468] MCW rank 21 bound to socket 0[core 3[hwt 0-1]]: [../../../BB/../../../../../../../../../../../../../../../..][../../../../../../../../../../../../../../../../../../../..]
[uc2n006.localdomain:2285468] MCW rank 22 bound to socket 0[core 4[hwt 0-1]]: [../../../../BB/../../../../../../../../../../../../../../..][../../../../../../../../../../../../../../../../../../../..]
[uc2n006.localdomain:2285468] MCW rank 23 bound to socket 0[core 5[hwt 0-1]]: [../../../../../BB/../../../../../../../../../../../../../..][../../../../../../../../../../../../../../../../../../../..]
[uc2n006.localdomain:2285468] MCW rank 24 bound to socket 0[core 6[hwt 0-1]]: [../../../../../../BB/../../../../../../../../../../../../..][../../../../../../../../../../../../../../../../../../../..]
[uc2n006.localdomain:2285468] MCW rank 25 bound to socket 0[core 7[hwt 0-1]]: [../../../../../../../BB/../../../../../../../../../../../..][../../../../../../../../../../../../../../../../../../../..]
[uc2n006.localdomain:2285468] MCW rank 26 bound to socket 0[core 8[hwt 0-1]]: [../../../../../../../../BB/../../../../../../../../../../..][../../../../../../../../../../../../../../../../../../../..]
[uc2n006.localdomain:2285468] MCW rank 27 bound to socket 0[core 9[hwt 0-1]]: [../../../../../../../../../BB/../../../../../../../../../..][../../../../../../../../../../../../../../../../../../../..]
/pfs/data5/home/fr/fr_fr/fr_km280/repos/pylbm/milestones/m7/./m7.py:214: DeprecationWarning: np.asscalar(a) is deprecated since NumPy v1.16, use a.item() instead
  arr_dict_str = str({"descr": dtype_to_descr(g_kl.dtype), "fortran_order": False, "shape": (np.asscalar(nx), np.asscalar(ny))})
/pfs/data5/home/fr/fr_fr/fr_km280/repos/pylbm/milestones/m7/./m7.py:214: DeprecationWarning: np.asscalar(a) is deprecated since NumPy v1.16, use a.item() instead
  arr_dict_str = str({"descr": dtype_to_descr(g_kl.dtype), "fortran_order": False, "shape": (np.asscalar(nx), np.asscalar(ny))})
/pfs/data5/home/fr/fr_fr/fr_km280/repos/pylbm/milestones/m7/./m7.py:214: DeprecationWarning: np.asscalar(a) is deprecated since NumPy v1.16, use a.item() instead
  arr_dict_str = str({"descr": dtype_to_descr(g_kl.dtype), "fortran_order": False, "shape": (np.asscalar(nx), np.asscalar(ny))})
/pfs/data5/home/fr/fr_fr/fr_km280/repos/pylbm/milestones/m7/./m7.py:214: DeprecationWarning: np.asscalar(a) is deprecated since NumPy v1.16, use a.item() instead
  arr_dict_str = str({"descr": dtype_to_descr(g_kl.dtype), "fortran_order": False, "shape": (np.asscalar(nx), np.asscalar(ny))})
/pfs/data5/home/fr/fr_fr/fr_km280/repos/pylbm/milestones/m7/./m7.py:214: DeprecationWarning: np.asscalar(a) is deprecated since NumPy v1.16, use a.item() instead
  arr_dict_str = str({"descr": dtype_to_descr(g_kl.dtype), "fortran_order": False, "shape": (np.asscalar(nx), np.asscalar(ny))})
/pfs/data5/home/fr/fr_fr/fr_km280/repos/pylbm/milestones/m7/./m7.py:214: DeprecationWarning: np.asscalar(a) is deprecated since NumPy v1.16, use a.item() instead
  arr_dict_str = str({"descr": dtype_to_descr(g_kl.dtype), "fortran_order": False, "shape": (np.asscalar(nx), np.asscalar(ny))})
/pfs/data5/home/fr/fr_fr/fr_km280/repos/pylbm/milestones/m7/./m7.py:214: DeprecationWarning: np.asscalar(a) is deprecated since NumPy v1.16, use a.item() instead
  arr_dict_str = str({"descr": dtype_to_descr(g_kl.dtype), "fortran_order": False, "shape": (np.asscalar(nx), np.asscalar(ny))})
/pfs/data5/home/fr/fr_fr/fr_km280/repos/pylbm/milestones/m7/./m7.py:214: DeprecationWarning: np.asscalar(a) is deprecated since NumPy v1.16, use a.item() instead
  arr_dict_str = str({"descr": dtype_to_descr(g_kl.dtype), "fortran_order": False, "shape": (np.asscalar(nx), np.asscalar(ny))})
/pfs/data5/home/fr/fr_fr/fr_km280/repos/pylbm/milestones/m7/./m7.py:214: DeprecationWarning: np.asscalar(a) is deprecated since NumPy v1.16, use a.item() instead
  arr_dict_str = str({"descr": dtype_to_descr(g_kl.dtype), "fortran_order": False, "shape": (np.asscalar(nx), np.asscalar(ny))})
/pfs/data5/home/fr/fr_fr/fr_km280/repos/pylbm/milestones/m7/./m7.py:214: DeprecationWarning: np.asscalar(a) is deprecated since NumPy v1.16, use a.item() instead
  arr_dict_str = str({"descr": dtype_to_descr(g_kl.dtype), "fortran_order": False, "shape": (np.asscalar(nx), np.asscalar(ny))})
/pfs/data5/home/fr/fr_fr/fr_km280/repos/pylbm/milestones/m7/./m7.py:214: DeprecationWarning: np.asscalar(a) is deprecated since NumPy v1.16, use a.item() instead
  arr_dict_str = str({"descr": dtype_to_descr(g_kl.dtype), "fortran_order": False, "shape": (np.asscalar(nx), np.asscalar(ny))})
/pfs/data5/home/fr/fr_fr/fr_km280/repos/pylbm/milestones/m7/./m7.py:214: DeprecationWarning: np.asscalar(a) is deprecated since NumPy v1.16, use a.item() instead
  arr_dict_str = str({"descr": dtype_to_descr(g_kl.dtype), "fortran_order": False, "shape": (np.asscalar(nx), np.asscalar(ny))})
/pfs/data5/home/fr/fr_fr/fr_km280/repos/pylbm/milestones/m7/./m7.py:214: DeprecationWarning: np.asscalar(a) is deprecated since NumPy v1.16, use a.item() instead
  arr_dict_str = str({"descr": dtype_to_descr(g_kl.dtype), "fortran_order": False, "shape": (np.asscalar(nx), np.asscalar(ny))})
/pfs/data5/home/fr/fr_fr/fr_km280/repos/pylbm/milestones/m7/./m7.py:214: DeprecationWarning: np.asscalar(a) is deprecated since NumPy v1.16, use a.item() instead
  arr_dict_str = str({"descr": dtype_to_descr(g_kl.dtype), "fortran_order": False, "shape": (np.asscalar(nx), np.asscalar(ny))})
/pfs/data5/home/fr/fr_fr/fr_km280/repos/pylbm/milestones/m7/./m7.py:214: DeprecationWarning: np.asscalar(a) is deprecated since NumPy v1.16, use a.item() instead
  arr_dict_str = str({"descr": dtype_to_descr(g_kl.dtype), "fortran_order": False, "shape": (np.asscalar(nx), np.asscalar(ny))})
/pfs/data5/home/fr/fr_fr/fr_km280/repos/pylbm/milestones/m7/./m7.py:214: DeprecationWarning: np.asscalar(a) is deprecated since NumPy v1.16, use a.item() instead
  arr_dict_str = str({"descr": dtype_to_descr(g_kl.dtype), "fortran_order": False, "shape": (np.asscalar(nx), np.asscalar(ny))})
/pfs/data5/home/fr/fr_fr/fr_km280/repos/pylbm/milestones/m7/./m7.py:214: DeprecationWarning: np.asscalar(a) is deprecated since NumPy v1.16, use a.item() instead
  arr_dict_str = str({"descr": dtype_to_descr(g_kl.dtype), "fortran_order": False, "shape": (np.asscalar(nx), np.asscalar(ny))})
/pfs/data5/home/fr/fr_fr/fr_km280/repos/pylbm/milestones/m7/./m7.py:214: DeprecationWarning: np.asscalar(a) is deprecated since NumPy v1.16, use a.item() instead
  arr_dict_str = str({"descr": dtype_to_descr(g_kl.dtype), "fortran_order": False, "shape": (np.asscalar(nx), np.asscalar(ny))})
/pfs/data5/home/fr/fr_fr/fr_km280/repos/pylbm/milestones/m7/./m7.py:214: DeprecationWarning: np.asscalar(a) is deprecated since NumPy v1.16, use a.item() instead
  arr_dict_str = str({"descr": dtype_to_descr(g_kl.dtype), "fortran_order": False, "shape": (np.asscalar(nx), np.asscalar(ny))})
/pfs/data5/home/fr/fr_fr/fr_km280/repos/pylbm/milestones/m7/./m7.py:214: DeprecationWarning: np.asscalar(a) is deprecated since NumPy v1.16, use a.item() instead
  arr_dict_str = str({"descr": dtype_to_descr(g_kl.dtype), "fortran_order": False, "shape": (np.asscalar(nx), np.asscalar(ny))})
/pfs/data5/home/fr/fr_fr/fr_km280/repos/pylbm/milestones/m7/./m7.py:214: DeprecationWarning: np.asscalar(a) is deprecated since NumPy v1.16, use a.item() instead
  arr_dict_str = str({"descr": dtype_to_descr(g_kl.dtype), "fortran_order": False, "shape": (np.asscalar(nx), np.asscalar(ny))})
/pfs/data5/home/fr/fr_fr/fr_km280/repos/pylbm/milestones/m7/./m7.py:214: DeprecationWarning: np.asscalar(a) is deprecated since NumPy v1.16, use a.item() instead
  arr_dict_str = str({"descr": dtype_to_descr(g_kl.dtype), "fortran_order": False, "shape": (np.asscalar(nx), np.asscalar(ny))})
/pfs/data5/home/fr/fr_fr/fr_km280/repos/pylbm/milestones/m7/./m7.py:214: DeprecationWarning: np.asscalar(a) is deprecated since NumPy v1.16, use a.item() instead
  arr_dict_str = str({"descr": dtype_to_descr(g_kl.dtype), "fortran_order": False, "shape": (np.asscalar(nx), np.asscalar(ny))})
/pfs/data5/home/fr/fr_fr/fr_km280/repos/pylbm/milestones/m7/./m7.py:214: DeprecationWarning: np.asscalar(a) is deprecated since NumPy v1.16, use a.item() instead
  arr_dict_str = str({"descr": dtype_to_descr(g_kl.dtype), "fortran_order": False, "shape": (np.asscalar(nx), np.asscalar(ny))})
/pfs/data5/home/fr/fr_fr/fr_km280/repos/pylbm/milestones/m7/./m7.py:214: DeprecationWarning: np.asscalar(a) is deprecated since NumPy v1.16, use a.item() instead
  arr_dict_str = str({"descr": dtype_to_descr(g_kl.dtype), "fortran_order": False, "shape": (np.asscalar(nx), np.asscalar(ny))})
/pfs/data5/home/fr/fr_fr/fr_km280/repos/pylbm/milestones/m7/./m7.py:214: DeprecationWarning: np.asscalar(a) is deprecated since NumPy v1.16, use a.item() instead
  arr_dict_str = str({"descr": dtype_to_descr(g_kl.dtype), "fortran_order": False, "shape": (np.asscalar(nx), np.asscalar(ny))})
/pfs/data5/home/fr/fr_fr/fr_km280/repos/pylbm/milestones/m7/./m7.py:214: DeprecationWarning: np.asscalar(a) is deprecated since NumPy v1.16, use a.item() instead
  arr_dict_str = str({"descr": dtype_to_descr(g_kl.dtype), "fortran_order": False, "shape": (np.asscalar(nx), np.asscalar(ny))})
/pfs/data5/home/fr/fr_fr/fr_km280/repos/pylbm/milestones/m7/./m7.py:214: DeprecationWarning: np.asscalar(a) is deprecated since NumPy v1.16, use a.item() instead
  arr_dict_str = str({"descr": dtype_to_descr(g_kl.dtype), "fortran_order": False, "shape": (np.asscalar(nx), np.asscalar(ny))})
/pfs/data5/home/fr/fr_fr/fr_km280/repos/pylbm/milestones/m7/./m7.py:214: DeprecationWarning: np.asscalar(a) is deprecated since NumPy v1.16, use a.item() instead
  arr_dict_str = str({"descr": dtype_to_descr(g_kl.dtype), "fortran_order": False, "shape": (np.asscalar(nx), np.asscalar(ny))})
/pfs/data5/home/fr/fr_fr/fr_km280/repos/pylbm/milestones/m7/./m7.py:214: DeprecationWarning: np.asscalar(a) is deprecated since NumPy v1.16, use a.item() instead
  arr_dict_str = str({"descr": dtype_to_descr(g_kl.dtype), "fortran_order": False, "shape": (np.asscalar(nx), np.asscalar(ny))})
/pfs/data5/home/fr/fr_fr/fr_km280/repos/pylbm/milestones/m7/./m7.py:214: DeprecationWarning: np.asscalar(a) is deprecated since NumPy v1.16, use a.item() instead
  arr_dict_str = str({"descr": dtype_to_descr(g_kl.dtype), "fortran_order": False, "shape": (np.asscalar(nx), np.asscalar(ny))})
/pfs/data5/home/fr/fr_fr/fr_km280/repos/pylbm/milestones/m7/./m7.py:214: DeprecationWarning: np.asscalar(a) is deprecated since NumPy v1.16, use a.item() instead
  arr_dict_str = str({"descr": dtype_to_descr(g_kl.dtype), "fortran_order": False, "shape": (np.asscalar(nx), np.asscalar(ny))})
/pfs/data5/home/fr/fr_fr/fr_km280/repos/pylbm/milestones/m7/./m7.py:214: DeprecationWarning: np.asscalar(a) is deprecated since NumPy v1.16, use a.item() instead
  arr_dict_str = str({"descr": dtype_to_descr(g_kl.dtype), "fortran_order": False, "shape": (np.asscalar(nx), np.asscalar(ny))})
/pfs/data5/home/fr/fr_fr/fr_km280/repos/pylbm/milestones/m7/./m7.py:214: DeprecationWarning: np.asscalar(a) is deprecated since NumPy v1.16, use a.item() instead
  arr_dict_str = str({"descr": dtype_to_descr(g_kl.dtype), "fortran_order": False, "shape": (np.asscalar(nx), np.asscalar(ny))})
/pfs/data5/home/fr/fr_fr/fr_km280/repos/pylbm/milestones/m7/./m7.py:214: DeprecationWarning: np.asscalar(a) is deprecated since NumPy v1.16, use a.item() instead
  arr_dict_str = str({"descr": dtype_to_descr(g_kl.dtype), "fortran_order": False, "shape": (np.asscalar(nx), np.asscalar(ny))})
/pfs/data5/home/fr/fr_fr/fr_km280/repos/pylbm/milestones/m7/./m7.py:214: DeprecationWarning: np.asscalar(a) is deprecated since NumPy v1.16, use a.item() instead
  arr_dict_str = str({"descr": dtype_to_descr(g_kl.dtype), "fortran_order": False, "shape": (np.asscalar(nx), np.asscalar(ny))})
